<?xml version="1.0" encoding="UTF-8"?>
<!-- Generated by org.testng.reporters.JUnitReportReporter -->
<testsuite skipped="0" hostname="DESKTOP-TUQ9F9I" name="test.ng.Integrations" tests="1" failures="0" timestamp="24 Feb 2022 05:50:49 GMT" time="3.825" errors="0">
  <testcase name="login" time="3.825" classname="test.ng.Integrations"/>
</testsuite> <!-- test.ng.Integrations -->
